<?xml version="1.0" encoding="UTF-8"?>
<!-- Generated by org.testng.reporters.JUnitReportReporter -->
<testsuite skipped="0" hostname="Anil" name="LoginText" tests="1" failures="0" timestamp="19 Oct 2018 12:09:04 GMT" time="0.037" errors="0">
  <testcase name="userlogin" time="0.037" classname="LoginText"/>
</testsuite> <!-- LoginText -->
